<?xml version="1.0" encoding="UTF-8"?>
<testng-results skipped="0" failed="0" ignored="0" total="1" passed="1">
  <reporter-output>
  </reporter-output>
  <suite name="Default suite" duration-ms="73885" started-at="2019-09-20T13:00:18 PDT" finished-at="2019-09-20T13:01:32 PDT">
    <groups>
    </groups>
    <test name="Default test" duration-ms="73885" started-at="2019-09-20T13:00:18 PDT" finished-at="2019-09-20T13:01:32 PDT">
      <class name="TestCASES.CuisinesPageTest">
        <test-method status="PASS" signature="setup()[pri:0, instance:TestCASES.CuisinesPageTest@6ebc05a6]" name="setup" is-config="true" duration-ms="25453" started-at="2019-09-20T13:00:18 PDT" finished-at="2019-09-20T13:00:44 PDT">
          <reporter-output>
          </reporter-output>
        </test-method> <!-- setup -->
        <test-method status="PASS" signature="Adds()[pri:0, instance:TestCASES.CuisinesPageTest@6ebc05a6]" name="Adds" duration-ms="48374" started-at="2019-09-20T13:00:44 PDT" finished-at="2019-09-20T13:01:32 PDT">
          <reporter-output>
          </reporter-output>
        </test-method> <!-- Adds -->
      </class> <!-- TestCASES.CuisinesPageTest -->
    </test> <!-- Default test -->
  </suite> <!-- Default suite -->
</testng-results>
